Logfile initialized
[INFO] logfile = /Users/goffity/Development/Titanium Studio Workspace/GPSTracking/build.log
[DEBUG] /Users/goffity/Library/Application Support/Titanium/mobilesdk/osx/2.1.1.GA/android/builder.py simulator GPSTracking /Users/goffity/Development/Android/android-sdk-macosx /Users/goffity/Development/Titanium Studio Workspace/GPSTracking com.goffity.mobile.gps.android 11 WVGA854 
[INFO] Building GPSTracking for Android ... one moment
[INFO] Titanium SDK version: 2.1.1 (07/27/12 14:01 0fd84a2)
[DEBUG] Waiting for device to be ready ...
[TRACE] adb devices returned 1 devices/emulators
[DEBUG] Device connected... (waited 0 seconds)
[DEBUG] waited 0.016368 seconds on emulator to get ready
[DEBUG] com.goffity.mobile.gps.android installed? True
[INFO] Fastdev server running, deploying in Fastdev mode
[INFO] Copying CommonJS modules...
[INFO] Copying project resources..
[TRACE] COPYING MODIFIED FILE: /Users/goffity/Development/Titanium Studio Workspace/GPSTracking/Resources/ui/map/map_display.js => /Users/goffity/Development/Titanium Studio Workspace/GPSTracking/build/android/bin/assets/Resources/ui/map/map_display.js
[INFO] Tiapp.xml unchanged, skipping class generation
[DEBUG] Processing Android resource drawables
[DEBUG] found drawable-long-land-hdpi splash screen at /Users/goffity/Development/Titanium Studio Workspace/GPSTracking/Resources/android/images/res-long-land-hdpi/default.png
[DEBUG] found drawable-long-land-ldpi splash screen at /Users/goffity/Development/Titanium Studio Workspace/GPSTracking/Resources/android/images/res-long-land-ldpi/default.png
[DEBUG] found drawable-long-port-hdpi splash screen at /Users/goffity/Development/Titanium Studio Workspace/GPSTracking/Resources/android/images/res-long-port-hdpi/default.png
[DEBUG] found drawable-long-port-ldpi splash screen at /Users/goffity/Development/Titanium Studio Workspace/GPSTracking/Resources/android/images/res-long-port-ldpi/default.png
[DEBUG] found drawable-notlong-land-hdpi splash screen at /Users/goffity/Development/Titanium Studio Workspace/GPSTracking/Resources/android/images/res-notlong-land-hdpi/default.png
[DEBUG] found drawable-notlong-land-ldpi splash screen at /Users/goffity/Development/Titanium Studio Workspace/GPSTracking/Resources/android/images/res-notlong-land-ldpi/default.png
[DEBUG] found drawable-notlong-land-mdpi splash screen at /Users/goffity/Development/Titanium Studio Workspace/GPSTracking/Resources/android/images/res-notlong-land-mdpi/default.png
[DEBUG] found drawable-notlong-port-hdpi splash screen at /Users/goffity/Development/Titanium Studio Workspace/GPSTracking/Resources/android/images/res-notlong-port-hdpi/default.png
[DEBUG] found drawable-notlong-port-ldpi splash screen at /Users/goffity/Development/Titanium Studio Workspace/GPSTracking/Resources/android/images/res-notlong-port-ldpi/default.png
[DEBUG] found drawable-notlong-port-mdpi splash screen at /Users/goffity/Development/Titanium Studio Workspace/GPSTracking/Resources/android/images/res-notlong-port-mdpi/default.png
[INFO] Waiting for SDCard to become available..
[INFO] Re-launching application ... GPSTracking
[INFO] Launching application ... GPSTracking
[TRACE] Launch output: Starting: Intent { act=android.intent.action.MAIN cat=[android.intent.category.LAUNCHER] cmp=com.goffity.mobile.gps.android/.GpstrackingActivity }

